<?xml version="1.0" encoding="UTF-8"?>
<testng-results ignored="0" total="3" passed="3" failed="0" skipped="0">
  <reporter-output>
  </reporter-output>
  <suite started-at="2025-09-09T17:34:51 IST" name="Default suite" finished-at="2025-09-09T17:34:51 IST" duration-ms="97">
    <groups>
    </groups>
    <test started-at="2025-09-09T17:34:51 IST" name="Default test" finished-at="2025-09-09T17:34:51 IST" duration-ms="97">
      <class name="testNG.DEMO">
        <test-method signature="case1()[pri:0, instance:testNG.DEMO@179ece50]" started-at="2025-09-09T17:34:51 IST" name="case1" finished-at="2025-09-09T17:34:51 IST" duration-ms="14" status="PASS">
          <reporter-output>
          </reporter-output>
        </test-method> <!-- case1 -->
        <test-method signature="case2()[pri:0, instance:testNG.DEMO@179ece50]" started-at="2025-09-09T17:34:51 IST" name="case2" finished-at="2025-09-09T17:34:51 IST" duration-ms="3" status="PASS">
          <reporter-output>
          </reporter-output>
        </test-method> <!-- case2 -->
        <test-method signature="case3()[pri:0, instance:testNG.DEMO@179ece50]" started-at="2025-09-09T17:34:51 IST" name="case3" finished-at="2025-09-09T17:34:51 IST" duration-ms="5" status="PASS">
          <reporter-output>
          </reporter-output>
        </test-method> <!-- case3 -->
      </class> <!-- testNG.DEMO -->
    </test> <!-- Default test -->
  </suite> <!-- Default suite -->
</testng-results>
