<?xml version="1.0" encoding="UTF-8"?>
<testng-results ignored="2" total="6" passed="4" failed="0" skipped="0">
  <reporter-output>
  </reporter-output>
  <suite started-at="2025-09-16T10:41:05 IST" name="Suite" finished-at="2025-09-16T10:41:05 IST" duration-ms="101">
    <groups>
      <group name="reg">
        <method signature="D4t.case5()[pri:0, instance:typeofExecution.D4t@bcec361]" name="case5" class="typeofExecution.D4t"/>
        <method signature="D4t.case6()[pri:0, instance:typeofExecution.D4t@bcec361]" name="case6" class="typeofExecution.D4t"/>
        <method signature="D5t.case7()[pri:0, instance:typeofExecution.D5t@198b6731]" name="case7" class="typeofExecution.D5t"/>
        <method signature="D5t.case8()[pri:0, instance:typeofExecution.D5t@198b6731]" name="case8" class="typeofExecution.D5t"/>
      </group> <!-- reg -->
      <group name="smoke">
        <method signature="D5t.case8()[pri:0, instance:typeofExecution.D5t@198b6731]" name="case8" class="typeofExecution.D5t"/>
      </group> <!-- smoke -->
    </groups>
    <test started-at="2025-09-16T10:41:05 IST" name="Test" finished-at="2025-09-16T10:41:05 IST" duration-ms="101">
      <class name="typeofExecution.D5t">
        <test-method signature="case7()[pri:0, instance:typeofExecution.D5t@198b6731]" started-at="2025-09-16T10:41:05 IST" name="case7" finished-at="2025-09-16T10:41:05 IST" duration-ms="13" status="PASS">
          <reporter-output>
          </reporter-output>
        </test-method> <!-- case7 -->
        <test-method signature="case8()[pri:0, instance:typeofExecution.D5t@198b6731]" started-at="2025-09-16T10:41:05 IST" name="case8" finished-at="2025-09-16T10:41:05 IST" duration-ms="2" status="PASS">
          <reporter-output>
          </reporter-output>
        </test-method> <!-- case8 -->
      </class> <!-- typeofExecution.D5t -->
      <class name="typeofExecution.D4t">
        <test-method signature="case5()[pri:0, instance:typeofExecution.D4t@bcec361]" started-at="2025-09-16T10:41:05 IST" name="case5" finished-at="2025-09-16T10:41:05 IST" duration-ms="2" status="PASS">
          <reporter-output>
          </reporter-output>
        </test-method> <!-- case5 -->
        <test-method signature="case6()[pri:0, instance:typeofExecution.D4t@bcec361]" started-at="2025-09-16T10:41:05 IST" name="case6" finished-at="2025-09-16T10:41:05 IST" duration-ms="3" status="PASS">
          <reporter-output>
          </reporter-output>
        </test-method> <!-- case6 -->
      </class> <!-- typeofExecution.D4t -->
    </test> <!-- Test -->
  </suite> <!-- Suite -->
</testng-results>
