<?xml version="1.0" encoding="UTF-8"?>
<!-- Generated by org.testng.reporters.JUnitXMLReporter -->
<testsuite ignored="2" hostname="amit" failures="0" tests="4" name="Test" time="0.101" errors="0" timestamp="2025-09-16T10:41:05 IST">
  <testcase classname="typeofExecution.D5t" name="case7" time="0.013"/>
  <testcase classname="typeofExecution.D5t" name="case8" time="0.002"/>
  <testcase classname="typeofExecution.D4t" name="case5" time="0.002"/>
  <testcase classname="typeofExecution.D4t" name="case6" time="0.003"/>
  <testcase classname="typeofExecution.D5t" name="case9" time="0.0">
    <ignored/>
  </testcase> <!-- case9 -->
  <testcase classname="typeofExecution.D4t" name="case4" time="0.0">
    <ignored/>
  </testcase> <!-- case4 -->
</testsuite> <!-- Test -->
